Flow report for ChipInterface
Tue Mar 29 20:30:09 2016
Quartus II 64-Bit Version 12.1 Build 177 11/07/2012 SJ Full Version


---------------------
; Table of Contents ;
---------------------
  1. Legal Notice
  2. Flow Summary
  3. Flow Settings
  4. Flow Non-Default Global Settings
  5. Flow Elapsed Time
  6. Flow OS Summary
  7. Flow Log



----------------
; Legal Notice ;
----------------
Copyright (C) 1991-2012 Altera Corporation
Your use of Altera Corporation's design tools, logic functions 
and other software and tools, and its AMPP partner logic 
functions, and any output files from any of the foregoing 
(including device programming or simulation files), and any 
associated documentation or information are expressly subject 
to the terms and conditions of the Altera Program License 
Subscription Agreement, Altera MegaCore Function License 
Agreement, or other applicable license agreement, including, 
without limitation, that your use is for the sole purpose of 
programming logic devices manufactured by Altera and sold by 
Altera or its authorized distributors.  Please refer to the 
applicable agreement for further details.



+--------------------------------------------------------------------------------+
; Flow Summary                                                                   ;
+------------------------------------+-------------------------------------------+
; Flow Status                        ; Successful - Tue Mar 29 20:30:04 2016     ;
; Quartus II 64-Bit Version          ; 12.1 Build 177 11/07/2012 SJ Full Version ;
; Revision Name                      ; ChipInterface                             ;
; Top-level Entity Name              ; ChipInterface                             ;
; Family                             ; Cyclone IV E                              ;
; Device                             ; EP4CE115F29C7                             ;
; Timing Models                      ; Final                                     ;
; Total logic elements               ; 1,155 / 114,480 ( 1 % )                   ;
;     Total combinational functions  ; 1,084 / 114,480 ( < 1 % )                 ;
;     Dedicated logic registers      ; 252 / 114,480 ( < 1 % )                   ;
; Total registers                    ; 252                                       ;
; Total pins                         ; 117 / 529 ( 22 % )                        ;
; Total virtual pins                 ; 0                                         ;
; Total memory bits                  ; 0 / 3,981,312 ( 0 % )                     ;
; Embedded Multiplier 9-bit elements ; 0 / 532 ( 0 % )                           ;
; Total PLLs                         ; 0 / 4 ( 0 % )                             ;
+------------------------------------+-------------------------------------------+


+-----------------------------------------+
; Flow Settings                           ;
+-------------------+---------------------+
; Option            ; Setting             ;
+-------------------+---------------------+
; Start date & time ; 03/29/2016 20:29:37 ;
; Main task         ; Compilation         ;
; Revision Name     ; ChipInterface       ;
+-------------------+---------------------+


+---------------------------------------------------------------------------------------------------------+
; Flow Non-Default Global Settings                                                                        ;
+-------------------------------------+------------------------+---------------+-------------+------------+
; Assignment Name                     ; Value                  ; Default Value ; Entity Name ; Section Id ;
+-------------------------------------+------------------------+---------------+-------------+------------+
; COMPILER_SIGNATURE_ID               ; 0.145929777726875      ; --            ; --          ; --         ;
; EDA_SIMULATION_TOOL                 ; ModelSim-Altera (VHDL) ; <None>        ; --          ; --         ;
; MAX_CORE_JUNCTION_TEMP              ; 85                     ; --            ; --          ; --         ;
; MIN_CORE_JUNCTION_TEMP              ; 0                      ; --            ; --          ; --         ;
; PARTITION_COLOR                     ; 16764057               ; --            ; --          ; Top        ;
; PARTITION_FITTER_PRESERVATION_LEVEL ; PLACEMENT_AND_ROUTING  ; --            ; --          ; Top        ;
; PARTITION_NETLIST_TYPE              ; SOURCE                 ; --            ; --          ; Top        ;
; PROJECT_OUTPUT_DIRECTORY            ; output_files           ; --            ; --          ; --         ;
+-------------------------------------+------------------------+---------------+-------------+------------+


+-------------------------------------------------------------------------------------------------------------------------------+
; Flow Elapsed Time                                                                                                             ;
+---------------------------+--------------+-------------------------+---------------------+------------------------------------+
; Module Name               ; Elapsed Time ; Average Processors Used ; Peak Virtual Memory ; Total CPU Time (on all processors) ;
+---------------------------+--------------+-------------------------+---------------------+------------------------------------+
; Analysis & Synthesis      ; 00:00:03     ; 1.0                     ; 686 MB              ; 00:00:03                           ;
; Fitter                    ; 00:00:16     ; 2.5                     ; 1065 MB             ; 00:00:23                           ;
; Assembler                 ; 00:00:04     ; 1.0                     ; 644 MB              ; 00:00:04                           ;
; TimeQuest Timing Analyzer ; 00:00:03     ; 3.0                     ; 727 MB              ; 00:00:03                           ;
; Total                     ; 00:00:26     ; --                      ; --                  ; 00:00:33                           ;
+---------------------------+--------------+-------------------------+---------------------+------------------------------------+


+--------------------------------------------------------------------------------------------------+
; Flow OS Summary                                                                                  ;
+---------------------------+------------------------------+---------+------------+----------------+
; Module Name               ; Machine Hostname             ; OS Name ; OS Version ; Processor type ;
+---------------------------+------------------------------+---------+------------+----------------+
; Analysis & Synthesis      ; demeter.andrew.local.cmu.edu ; Red Hat ; Red Hat    ; x86_64         ;
; Fitter                    ; demeter.andrew.local.cmu.edu ; Red Hat ; Red Hat    ; x86_64         ;
; Assembler                 ; demeter.andrew.local.cmu.edu ; Red Hat ; Red Hat    ; x86_64         ;
; TimeQuest Timing Analyzer ; demeter.andrew.local.cmu.edu ; Red Hat ; Red Hat    ; x86_64         ;
+---------------------------+------------------------------+---------+------------+----------------+


------------
; Flow Log ;
------------
quartus_map --read_settings_files=on --write_settings_files=off ChipInterface -c ChipInterface
quartus_fit --read_settings_files=off --write_settings_files=off ChipInterface -c ChipInterface
quartus_asm --read_settings_files=off --write_settings_files=off ChipInterface -c ChipInterface
quartus_sta ChipInterface -c ChipInterface



