Analysis & Synthesis report for ChipInterface
Fri Mar  4 18:06:31 2016
Quartus II 64-Bit Version 12.1 Build 177 11/07/2012 SJ Full Version


---------------------
; Table of Contents ;
---------------------
  1. Legal Notice
  2. Analysis & Synthesis Summary
  3. Analysis & Synthesis Settings
  4. Parallel Compilation
  5. Analysis & Synthesis Source Files Read
  6. Analysis & Synthesis Resource Usage Summary
  7. Analysis & Synthesis Resource Utilization by Entity
  8. State Machine - |ChipInterface|myMoreAbstractFSM:fsm|cs
  9. Registers Removed During Synthesis
 10. General Register Statistics
 11. Multiplexer Restructuring Statistics (Restructuring Performed)
 12. Parameter Settings for User Entity Instance: coinAccepter:comb_3
 13. Port Connectivity Checks: "SevenSegmentControl:ssc"
 14. Elapsed Time Per Partition
 15. Analysis & Synthesis Messages



----------------
; Legal Notice ;
----------------
Copyright (C) 1991-2012 Altera Corporation
Your use of Altera Corporation's design tools, logic functions 
and other software and tools, and its AMPP partner logic 
functions, and any output files from any of the foregoing 
(including device programming or simulation files), and any 
associated documentation or information are expressly subject 
to the terms and conditions of the Altera Program License 
Subscription Agreement, Altera MegaCore Function License 
Agreement, or other applicable license agreement, including, 
without limitation, that your use is for the sole purpose of 
programming logic devices manufactured by Altera and sold by 
Altera or its authorized distributors.  Please refer to the 
applicable agreement for further details.



+--------------------------------------------------------------------------------+
; Analysis & Synthesis Summary                                                   ;
+------------------------------------+-------------------------------------------+
; Analysis & Synthesis Status        ; Successful - Fri Mar  4 18:06:31 2016     ;
; Quartus II 64-Bit Version          ; 12.1 Build 177 11/07/2012 SJ Full Version ;
; Revision Name                      ; ChipInterface                             ;
; Top-level Entity Name              ; ChipInterface                             ;
; Family                             ; Cyclone IV E                              ;
; Total logic elements               ; 213                                       ;
;     Total combinational functions  ; 212                                       ;
;     Dedicated logic registers      ; 106                                       ;
; Total registers                    ; 106                                       ;
; Total pins                         ; 101                                       ;
; Total virtual pins                 ; 0                                         ;
; Total memory bits                  ; 0                                         ;
; Embedded Multiplier 9-bit elements ; 0                                         ;
; Total PLLs                         ; 0                                         ;
+------------------------------------+-------------------------------------------+


+----------------------------------------------------------------------------------------------------------------------+
; Analysis & Synthesis Settings                                                                                        ;
+----------------------------------------------------------------------------+--------------------+--------------------+
; Option                                                                     ; Setting            ; Default Value      ;
+----------------------------------------------------------------------------+--------------------+--------------------+
; Device                                                                     ; EP4CE115F29C7      ;                    ;
; Top-level entity name                                                      ; ChipInterface      ; ChipInterface      ;
; Family name                                                                ; Cyclone IV E       ; Cyclone IV GX      ;
; Use smart compilation                                                      ; Off                ; Off                ;
; Enable parallel Assembler and TimeQuest Timing Analyzer during compilation ; On                 ; On                 ;
; Enable compact report table                                                ; Off                ; Off                ;
; Restructure Multiplexers                                                   ; Auto               ; Auto               ;
; Create Debugging Nodes for IP Cores                                        ; Off                ; Off                ;
; Preserve fewer node names                                                  ; On                 ; On                 ;
; Disable OpenCore Plus hardware evaluation                                  ; Off                ; Off                ;
; Verilog Version                                                            ; Verilog_2001       ; Verilog_2001       ;
; VHDL Version                                                               ; VHDL_1993          ; VHDL_1993          ;
; State Machine Processing                                                   ; Auto               ; Auto               ;
; Safe State Machine                                                         ; Off                ; Off                ;
; Extract Verilog State Machines                                             ; On                 ; On                 ;
; Extract VHDL State Machines                                                ; On                 ; On                 ;
; Ignore Verilog initial constructs                                          ; Off                ; Off                ;
; Iteration limit for constant Verilog loops                                 ; 5000               ; 5000               ;
; Iteration limit for non-constant Verilog loops                             ; 250                ; 250                ;
; Add Pass-Through Logic to Inferred RAMs                                    ; On                 ; On                 ;
; Infer RAMs from Raw Logic                                                  ; On                 ; On                 ;
; Parallel Synthesis                                                         ; On                 ; On                 ;
; DSP Block Balancing                                                        ; Auto               ; Auto               ;
; NOT Gate Push-Back                                                         ; On                 ; On                 ;
; Power-Up Don't Care                                                        ; On                 ; On                 ;
; Remove Redundant Logic Cells                                               ; Off                ; Off                ;
; Remove Duplicate Registers                                                 ; On                 ; On                 ;
; Ignore CARRY Buffers                                                       ; Off                ; Off                ;
; Ignore CASCADE Buffers                                                     ; Off                ; Off                ;
; Ignore GLOBAL Buffers                                                      ; Off                ; Off                ;
; Ignore ROW GLOBAL Buffers                                                  ; Off                ; Off                ;
; Ignore LCELL Buffers                                                       ; Off                ; Off                ;
; Ignore SOFT Buffers                                                        ; On                 ; On                 ;
; Limit AHDL Integers to 32 Bits                                             ; Off                ; Off                ;
; Optimization Technique                                                     ; Balanced           ; Balanced           ;
; Carry Chain Length                                                         ; 70                 ; 70                 ;
; Auto Carry Chains                                                          ; On                 ; On                 ;
; Auto Open-Drain Pins                                                       ; On                 ; On                 ;
; Perform WYSIWYG Primitive Resynthesis                                      ; Off                ; Off                ;
; Auto ROM Replacement                                                       ; On                 ; On                 ;
; Auto RAM Replacement                                                       ; On                 ; On                 ;
; Auto DSP Block Replacement                                                 ; On                 ; On                 ;
; Auto Shift Register Replacement                                            ; Auto               ; Auto               ;
; Allow Shift Register Merging across Hierarchies                            ; Auto               ; Auto               ;
; Auto Clock Enable Replacement                                              ; On                 ; On                 ;
; Strict RAM Replacement                                                     ; Off                ; Off                ;
; Allow Synchronous Control Signals                                          ; On                 ; On                 ;
; Force Use of Synchronous Clear Signals                                     ; Off                ; Off                ;
; Auto RAM Block Balancing                                                   ; On                 ; On                 ;
; Auto RAM to Logic Cell Conversion                                          ; Off                ; Off                ;
; Auto Resource Sharing                                                      ; Off                ; Off                ;
; Allow Any RAM Size For Recognition                                         ; Off                ; Off                ;
; Allow Any ROM Size For Recognition                                         ; Off                ; Off                ;
; Allow Any Shift Register Size For Recognition                              ; Off                ; Off                ;
; Use LogicLock Constraints during Resource Balancing                        ; On                 ; On                 ;
; Ignore translate_off and synthesis_off directives                          ; Off                ; Off                ;
; Timing-Driven Synthesis                                                    ; On                 ; On                 ;
; Report Parameter Settings                                                  ; On                 ; On                 ;
; Report Source Assignments                                                  ; On                 ; On                 ;
; Report Connectivity Checks                                                 ; On                 ; On                 ;
; Ignore Maximum Fan-Out Assignments                                         ; Off                ; Off                ;
; Synchronization Register Chain Length                                      ; 2                  ; 2                  ;
; PowerPlay Power Optimization                                               ; Normal compilation ; Normal compilation ;
; HDL message level                                                          ; Level2             ; Level2             ;
; Suppress Register Optimization Related Messages                            ; Off                ; Off                ;
; Number of Removed Registers Reported in Synthesis Report                   ; 5000               ; 5000               ;
; Number of Swept Nodes Reported in Synthesis Report                         ; 5000               ; 5000               ;
; Number of Inverted Registers Reported in Synthesis Report                  ; 100                ; 100                ;
; Clock MUX Protection                                                       ; On                 ; On                 ;
; Auto Gated Clock Conversion                                                ; Off                ; Off                ;
; Block Design Naming                                                        ; Auto               ; Auto               ;
; SDC constraint protection                                                  ; Off                ; Off                ;
; Synthesis Effort                                                           ; Auto               ; Auto               ;
; Shift Register Replacement - Allow Asynchronous Clear Signal               ; On                 ; On                 ;
; Pre-Mapping Resynthesis Optimization                                       ; Off                ; Off                ;
; Analysis & Synthesis Message Level                                         ; Medium             ; Medium             ;
; Disable Register Merging Across Hierarchies                                ; Auto               ; Auto               ;
; Resource Aware Inference For Block RAM                                     ; On                 ; On                 ;
; Synthesis Seed                                                             ; 1                  ; 1                  ;
+----------------------------------------------------------------------------+--------------------+--------------------+


+------------------------------------------+
; Parallel Compilation                     ;
+----------------------------+-------------+
; Processors                 ; Number      ;
+----------------------------+-------------+
; Number detected on machine ; 8           ;
; Maximum allowed            ; 4           ;
;                            ;             ;
; Average used               ; 1.00        ;
; Maximum used               ; 1           ;
;                            ;             ;
; Usage by Processor         ; % Time Used ;
;     1 processor            ; 100.0%      ;
;     2-8 processors         ;   0.0%      ;
+----------------------------+-------------+


+---------------------------------------------------------------------------------------------------------------------------------------------------------------------------------+
; Analysis & Synthesis Source Files Read                                                                                                                                          ;
+----------------------------------+-----------------+------------------------------+-----------------------------------------------------------------------------------+---------+
; File Name with User-Entered Path ; Used in Netlist ; File Type                    ; File Name with Absolute Path                                                      ; Library ;
+----------------------------------+-----------------+------------------------------+-----------------------------------------------------------------------------------+---------+
; ChipInterface.sv                 ; yes             ; User SystemVerilog HDL File  ; /afs/ece.cmu.edu/usr/pdubey/Private/240/Lab3/coinAccepter/ChipInterface.sv        ;         ;
; lab2a_7SegController.sv          ; yes             ; User SystemVerilog HDL File  ; /afs/ece.cmu.edu/usr/pdubey/Private/240/Lab3/coinAccepter/lab2a_7SegController.sv ;         ;
; newAbstractFSM.sv                ; yes             ; User SystemVerilog HDL File  ; /afs/ece.cmu.edu/usr/pdubey/Private/240/Lab3/coinAccepter/newAbstractFSM.sv       ;         ;
; coinAccepter.sv                  ; yes             ; User SystemVerilog HDL File  ; /afs/ece.cmu.edu/usr/pdubey/Private/240/Lab3/coinAccepter/coinAccepter.sv         ;         ;
+----------------------------------+-----------------+------------------------------+-----------------------------------------------------------------------------------+---------+


+-----------------------------------------------------+
; Analysis & Synthesis Resource Usage Summary         ;
+---------------------------------------------+-------+
; Resource                                    ; Usage ;
+---------------------------------------------+-------+
; Estimated Total logic elements              ; 213   ;
;                                             ;       ;
; Total combinational functions               ; 212   ;
; Logic element usage by number of LUT inputs ;       ;
;     -- 4 input functions                    ; 90    ;
;     -- 3 input functions                    ; 50    ;
;     -- <=2 input functions                  ; 72    ;
;                                             ;       ;
; Logic elements by mode                      ;       ;
;     -- normal mode                          ; 157   ;
;     -- arithmetic mode                      ; 55    ;
;                                             ;       ;
; Total registers                             ; 106   ;
;     -- Dedicated logic registers            ; 106   ;
;     -- I/O registers                        ; 0     ;
;                                             ;       ;
; I/O pins                                    ; 101   ;
; Embedded Multiplier 9-bit elements          ; 0     ;
; Maximum fan-out                             ; 71    ;
; Total fan-out                               ; 1025  ;
; Average fan-out                             ; 1.97  ;
+---------------------------------------------+-------+


+---------------------------------------------------------------------------------------------------------------------------------------------------------------------------------------------------------------------------------------------------+
; Analysis & Synthesis Resource Utilization by Entity                                                                                                                                                                                               ;
+-----------------------------------+-------------------+--------------+-------------+--------------+---------+-----------+------+--------------+------------------------------------------------------------------------------------+--------------+
; Compilation Hierarchy Node        ; LC Combinationals ; LC Registers ; Memory Bits ; DSP Elements ; DSP 9x9 ; DSP 18x18 ; Pins ; Virtual Pins ; Full Hierarchy Name                                                                ; Library Name ;
+-----------------------------------+-------------------+--------------+-------------+--------------+---------+-----------+------+--------------+------------------------------------------------------------------------------------+--------------+
; |ChipInterface                    ; 212 (0)           ; 106 (0)      ; 0           ; 0            ; 0       ; 0         ; 101  ; 0            ; |ChipInterface                                                                     ;              ;
;    |SevenSegmentControl:ssc|      ; 3 (0)             ; 0 (0)        ; 0           ; 0            ; 0       ; 0         ; 0    ; 0            ; |ChipInterface|SevenSegmentControl:ssc                                             ;              ;
;       |SevenSegmentDigit:H0|      ; 3 (0)             ; 0 (0)        ; 0           ; 0            ; 0       ; 0         ; 0    ; 0            ; |ChipInterface|SevenSegmentControl:ssc|SevenSegmentDigit:H0                        ;              ;
;          |BCDtoSevenSegment:b2ss| ; 3 (3)             ; 0 (0)        ; 0           ; 0            ; 0       ; 0         ; 0    ; 0            ; |ChipInterface|SevenSegmentControl:ssc|SevenSegmentDigit:H0|BCDtoSevenSegment:b2ss ;              ;
;    |coinAccepter:comb_3|          ; 159 (159)         ; 74 (74)      ; 0           ; 0            ; 0       ; 0         ; 0    ; 0            ; |ChipInterface|coinAccepter:comb_3                                                 ;              ;
;    |myMoreAbstractFSM:fsm|        ; 50 (50)           ; 32 (32)      ; 0           ; 0            ; 0       ; 0         ; 0    ; 0            ; |ChipInterface|myMoreAbstractFSM:fsm                                               ;              ;
+-----------------------------------+-------------------+--------------+-------------+--------------+---------+-----------+------+--------------+------------------------------------------------------------------------------------+--------------+
Note: For table entries with two numbers listed, the numbers in parentheses indicate the number of resources of the given type used by the specific entity alone. The numbers listed outside of parentheses indicate the total resources of the given type used by the specific entity and all of its sub-entities in the hierarchy.


Encoding Type:  One-Hot
+---------------------------------------------------------------------------------------------------------------------------------------------------------------------------------------------------------------------------------------------------------------+
; State Machine - |ChipInterface|myMoreAbstractFSM:fsm|cs                                                                                                                                                                                                       ;
+-------+-------+-------+-------+------+-------+-------+-------+------+-------+-------+-------+------+-------+-------+-------+------+-------+-------+-------+------+-------+-------+-------+------+-------+-------+-------+------+-------+-------+-------+------+
; Name  ; cs.Hp ; cs.Ht ; cs.Hc ; cs.H ; cs.Gp ; cs.Gt ; cs.Gc ; cs.G ; cs.Fp ; cs.Ft ; cs.Fc ; cs.F ; cs.Ep ; cs.Et ; cs.Ec ; cs.E ; cs.Dp ; cs.Dt ; cs.Dc ; cs.D ; cs.Cp ; cs.Ct ; cs.Cc ; cs.C ; cs.Bp ; cs.Bt ; cs.Bc ; cs.B ; cs.Ap ; cs.At ; cs.Ac ; cs.A ;
+-------+-------+-------+-------+------+-------+-------+-------+------+-------+-------+-------+------+-------+-------+-------+------+-------+-------+-------+------+-------+-------+-------+------+-------+-------+-------+------+-------+-------+-------+------+
; cs.A  ; 0     ; 0     ; 0     ; 0    ; 0     ; 0     ; 0     ; 0    ; 0     ; 0     ; 0     ; 0    ; 0     ; 0     ; 0     ; 0    ; 0     ; 0     ; 0     ; 0    ; 0     ; 0     ; 0     ; 0    ; 0     ; 0     ; 0     ; 0    ; 0     ; 0     ; 0     ; 0    ;
; cs.Ac ; 0     ; 0     ; 0     ; 0    ; 0     ; 0     ; 0     ; 0    ; 0     ; 0     ; 0     ; 0    ; 0     ; 0     ; 0     ; 0    ; 0     ; 0     ; 0     ; 0    ; 0     ; 0     ; 0     ; 0    ; 0     ; 0     ; 0     ; 0    ; 0     ; 0     ; 1     ; 1    ;
; cs.At ; 0     ; 0     ; 0     ; 0    ; 0     ; 0     ; 0     ; 0    ; 0     ; 0     ; 0     ; 0    ; 0     ; 0     ; 0     ; 0    ; 0     ; 0     ; 0     ; 0    ; 0     ; 0     ; 0     ; 0    ; 0     ; 0     ; 0     ; 0    ; 0     ; 1     ; 0     ; 1    ;
; cs.Ap ; 0     ; 0     ; 0     ; 0    ; 0     ; 0     ; 0     ; 0    ; 0     ; 0     ; 0     ; 0    ; 0     ; 0     ; 0     ; 0    ; 0     ; 0     ; 0     ; 0    ; 0     ; 0     ; 0     ; 0    ; 0     ; 0     ; 0     ; 0    ; 1     ; 0     ; 0     ; 1    ;
; cs.B  ; 0     ; 0     ; 0     ; 0    ; 0     ; 0     ; 0     ; 0    ; 0     ; 0     ; 0     ; 0    ; 0     ; 0     ; 0     ; 0    ; 0     ; 0     ; 0     ; 0    ; 0     ; 0     ; 0     ; 0    ; 0     ; 0     ; 0     ; 1    ; 0     ; 0     ; 0     ; 1    ;
; cs.Bc ; 0     ; 0     ; 0     ; 0    ; 0     ; 0     ; 0     ; 0    ; 0     ; 0     ; 0     ; 0    ; 0     ; 0     ; 0     ; 0    ; 0     ; 0     ; 0     ; 0    ; 0     ; 0     ; 0     ; 0    ; 0     ; 0     ; 1     ; 0    ; 0     ; 0     ; 0     ; 1    ;
; cs.Bt ; 0     ; 0     ; 0     ; 0    ; 0     ; 0     ; 0     ; 0    ; 0     ; 0     ; 0     ; 0    ; 0     ; 0     ; 0     ; 0    ; 0     ; 0     ; 0     ; 0    ; 0     ; 0     ; 0     ; 0    ; 0     ; 1     ; 0     ; 0    ; 0     ; 0     ; 0     ; 1    ;
; cs.Bp ; 0     ; 0     ; 0     ; 0    ; 0     ; 0     ; 0     ; 0    ; 0     ; 0     ; 0     ; 0    ; 0     ; 0     ; 0     ; 0    ; 0     ; 0     ; 0     ; 0    ; 0     ; 0     ; 0     ; 0    ; 1     ; 0     ; 0     ; 0    ; 0     ; 0     ; 0     ; 1    ;
; cs.C  ; 0     ; 0     ; 0     ; 0    ; 0     ; 0     ; 0     ; 0    ; 0     ; 0     ; 0     ; 0    ; 0     ; 0     ; 0     ; 0    ; 0     ; 0     ; 0     ; 0    ; 0     ; 0     ; 0     ; 1    ; 0     ; 0     ; 0     ; 0    ; 0     ; 0     ; 0     ; 1    ;
; cs.Cc ; 0     ; 0     ; 0     ; 0    ; 0     ; 0     ; 0     ; 0    ; 0     ; 0     ; 0     ; 0    ; 0     ; 0     ; 0     ; 0    ; 0     ; 0     ; 0     ; 0    ; 0     ; 0     ; 1     ; 0    ; 0     ; 0     ; 0     ; 0    ; 0     ; 0     ; 0     ; 1    ;
; cs.Ct ; 0     ; 0     ; 0     ; 0    ; 0     ; 0     ; 0     ; 0    ; 0     ; 0     ; 0     ; 0    ; 0     ; 0     ; 0     ; 0    ; 0     ; 0     ; 0     ; 0    ; 0     ; 1     ; 0     ; 0    ; 0     ; 0     ; 0     ; 0    ; 0     ; 0     ; 0     ; 1    ;
; cs.Cp ; 0     ; 0     ; 0     ; 0    ; 0     ; 0     ; 0     ; 0    ; 0     ; 0     ; 0     ; 0    ; 0     ; 0     ; 0     ; 0    ; 0     ; 0     ; 0     ; 0    ; 1     ; 0     ; 0     ; 0    ; 0     ; 0     ; 0     ; 0    ; 0     ; 0     ; 0     ; 1    ;
; cs.D  ; 0     ; 0     ; 0     ; 0    ; 0     ; 0     ; 0     ; 0    ; 0     ; 0     ; 0     ; 0    ; 0     ; 0     ; 0     ; 0    ; 0     ; 0     ; 0     ; 1    ; 0     ; 0     ; 0     ; 0    ; 0     ; 0     ; 0     ; 0    ; 0     ; 0     ; 0     ; 1    ;
; cs.Dc ; 0     ; 0     ; 0     ; 0    ; 0     ; 0     ; 0     ; 0    ; 0     ; 0     ; 0     ; 0    ; 0     ; 0     ; 0     ; 0    ; 0     ; 0     ; 1     ; 0    ; 0     ; 0     ; 0     ; 0    ; 0     ; 0     ; 0     ; 0    ; 0     ; 0     ; 0     ; 1    ;
; cs.Dt ; 0     ; 0     ; 0     ; 0    ; 0     ; 0     ; 0     ; 0    ; 0     ; 0     ; 0     ; 0    ; 0     ; 0     ; 0     ; 0    ; 0     ; 1     ; 0     ; 0    ; 0     ; 0     ; 0     ; 0    ; 0     ; 0     ; 0     ; 0    ; 0     ; 0     ; 0     ; 1    ;
; cs.Dp ; 0     ; 0     ; 0     ; 0    ; 0     ; 0     ; 0     ; 0    ; 0     ; 0     ; 0     ; 0    ; 0     ; 0     ; 0     ; 0    ; 1     ; 0     ; 0     ; 0    ; 0     ; 0     ; 0     ; 0    ; 0     ; 0     ; 0     ; 0    ; 0     ; 0     ; 0     ; 1    ;
; cs.E  ; 0     ; 0     ; 0     ; 0    ; 0     ; 0     ; 0     ; 0    ; 0     ; 0     ; 0     ; 0    ; 0     ; 0     ; 0     ; 1    ; 0     ; 0     ; 0     ; 0    ; 0     ; 0     ; 0     ; 0    ; 0     ; 0     ; 0     ; 0    ; 0     ; 0     ; 0     ; 1    ;
; cs.Ec ; 0     ; 0     ; 0     ; 0    ; 0     ; 0     ; 0     ; 0    ; 0     ; 0     ; 0     ; 0    ; 0     ; 0     ; 1     ; 0    ; 0     ; 0     ; 0     ; 0    ; 0     ; 0     ; 0     ; 0    ; 0     ; 0     ; 0     ; 0    ; 0     ; 0     ; 0     ; 1    ;
; cs.Et ; 0     ; 0     ; 0     ; 0    ; 0     ; 0     ; 0     ; 0    ; 0     ; 0     ; 0     ; 0    ; 0     ; 1     ; 0     ; 0    ; 0     ; 0     ; 0     ; 0    ; 0     ; 0     ; 0     ; 0    ; 0     ; 0     ; 0     ; 0    ; 0     ; 0     ; 0     ; 1    ;
; cs.Ep ; 0     ; 0     ; 0     ; 0    ; 0     ; 0     ; 0     ; 0    ; 0     ; 0     ; 0     ; 0    ; 1     ; 0     ; 0     ; 0    ; 0     ; 0     ; 0     ; 0    ; 0     ; 0     ; 0     ; 0    ; 0     ; 0     ; 0     ; 0    ; 0     ; 0     ; 0     ; 1    ;
; cs.F  ; 0     ; 0     ; 0     ; 0    ; 0     ; 0     ; 0     ; 0    ; 0     ; 0     ; 0     ; 1    ; 0     ; 0     ; 0     ; 0    ; 0     ; 0     ; 0     ; 0    ; 0     ; 0     ; 0     ; 0    ; 0     ; 0     ; 0     ; 0    ; 0     ; 0     ; 0     ; 1    ;
; cs.Fc ; 0     ; 0     ; 0     ; 0    ; 0     ; 0     ; 0     ; 0    ; 0     ; 0     ; 1     ; 0    ; 0     ; 0     ; 0     ; 0    ; 0     ; 0     ; 0     ; 0    ; 0     ; 0     ; 0     ; 0    ; 0     ; 0     ; 0     ; 0    ; 0     ; 0     ; 0     ; 1    ;
; cs.Ft ; 0     ; 0     ; 0     ; 0    ; 0     ; 0     ; 0     ; 0    ; 0     ; 1     ; 0     ; 0    ; 0     ; 0     ; 0     ; 0    ; 0     ; 0     ; 0     ; 0    ; 0     ; 0     ; 0     ; 0    ; 0     ; 0     ; 0     ; 0    ; 0     ; 0     ; 0     ; 1    ;
; cs.Fp ; 0     ; 0     ; 0     ; 0    ; 0     ; 0     ; 0     ; 0    ; 1     ; 0     ; 0     ; 0    ; 0     ; 0     ; 0     ; 0    ; 0     ; 0     ; 0     ; 0    ; 0     ; 0     ; 0     ; 0    ; 0     ; 0     ; 0     ; 0    ; 0     ; 0     ; 0     ; 1    ;
; cs.G  ; 0     ; 0     ; 0     ; 0    ; 0     ; 0     ; 0     ; 1    ; 0     ; 0     ; 0     ; 0    ; 0     ; 0     ; 0     ; 0    ; 0     ; 0     ; 0     ; 0    ; 0     ; 0     ; 0     ; 0    ; 0     ; 0     ; 0     ; 0    ; 0     ; 0     ; 0     ; 1    ;
; cs.Gc ; 0     ; 0     ; 0     ; 0    ; 0     ; 0     ; 1     ; 0    ; 0     ; 0     ; 0     ; 0    ; 0     ; 0     ; 0     ; 0    ; 0     ; 0     ; 0     ; 0    ; 0     ; 0     ; 0     ; 0    ; 0     ; 0     ; 0     ; 0    ; 0     ; 0     ; 0     ; 1    ;
; cs.Gt ; 0     ; 0     ; 0     ; 0    ; 0     ; 1     ; 0     ; 0    ; 0     ; 0     ; 0     ; 0    ; 0     ; 0     ; 0     ; 0    ; 0     ; 0     ; 0     ; 0    ; 0     ; 0     ; 0     ; 0    ; 0     ; 0     ; 0     ; 0    ; 0     ; 0     ; 0     ; 1    ;
; cs.Gp ; 0     ; 0     ; 0     ; 0    ; 1     ; 0     ; 0     ; 0    ; 0     ; 0     ; 0     ; 0    ; 0     ; 0     ; 0     ; 0    ; 0     ; 0     ; 0     ; 0    ; 0     ; 0     ; 0     ; 0    ; 0     ; 0     ; 0     ; 0    ; 0     ; 0     ; 0     ; 1    ;
; cs.H  ; 0     ; 0     ; 0     ; 1    ; 0     ; 0     ; 0     ; 0    ; 0     ; 0     ; 0     ; 0    ; 0     ; 0     ; 0     ; 0    ; 0     ; 0     ; 0     ; 0    ; 0     ; 0     ; 0     ; 0    ; 0     ; 0     ; 0     ; 0    ; 0     ; 0     ; 0     ; 1    ;
; cs.Hc ; 0     ; 0     ; 1     ; 0    ; 0     ; 0     ; 0     ; 0    ; 0     ; 0     ; 0     ; 0    ; 0     ; 0     ; 0     ; 0    ; 0     ; 0     ; 0     ; 0    ; 0     ; 0     ; 0     ; 0    ; 0     ; 0     ; 0     ; 0    ; 0     ; 0     ; 0     ; 1    ;
; cs.Ht ; 0     ; 1     ; 0     ; 0    ; 0     ; 0     ; 0     ; 0    ; 0     ; 0     ; 0     ; 0    ; 0     ; 0     ; 0     ; 0    ; 0     ; 0     ; 0     ; 0    ; 0     ; 0     ; 0     ; 0    ; 0     ; 0     ; 0     ; 0    ; 0     ; 0     ; 0     ; 1    ;
; cs.Hp ; 1     ; 0     ; 0     ; 0    ; 0     ; 0     ; 0     ; 0    ; 0     ; 0     ; 0     ; 0    ; 0     ; 0     ; 0     ; 0    ; 0     ; 0     ; 0     ; 0    ; 0     ; 0     ; 0     ; 0    ; 0     ; 0     ; 0     ; 0    ; 0     ; 0     ; 0     ; 1    ;
+-------+-------+-------+-------+------+-------+-------+-------+------+-------+-------+-------+------+-------+-------+-------+------+-------+-------+-------+------+-------+-------+-------+------+-------+-------+-------+------+-------+-------+-------+------+


+------------------------------------------------------------+
; Registers Removed During Synthesis                         ;
+---------------------------------------+--------------------+
; Register name                         ; Reason for Removal ;
+---------------------------------------+--------------------+
; myMoreAbstractFSM:fsm|cs~2            ; Lost fanout        ;
; myMoreAbstractFSM:fsm|cs~3            ; Lost fanout        ;
; myMoreAbstractFSM:fsm|cs~4            ; Lost fanout        ;
; myMoreAbstractFSM:fsm|cs~5            ; Lost fanout        ;
; myMoreAbstractFSM:fsm|cs~6            ; Lost fanout        ;
; myMoreAbstractFSM:fsm|cs~7            ; Lost fanout        ;
; Total Number of Removed Registers = 6 ;                    ;
+---------------------------------------+--------------------+


+------------------------------------------------------+
; General Register Statistics                          ;
+----------------------------------------------+-------+
; Statistic                                    ; Value ;
+----------------------------------------------+-------+
; Total registers                              ; 106   ;
; Number of registers using Synchronous Clear  ; 41    ;
; Number of registers using Synchronous Load   ; 0     ;
; Number of registers using Asynchronous Clear ; 0     ;
; Number of registers using Asynchronous Load  ; 0     ;
; Number of registers using Clock Enable       ; 6     ;
; Number of registers using Preset             ; 0     ;
+----------------------------------------------+-------+


+--------------------------------------------------------------------------------------------------------------------------------------------------------------+
; Multiplexer Restructuring Statistics (Restructuring Performed)                                                                                               ;
+--------------------+-----------+---------------+----------------------+------------------------+------------+------------------------------------------------+
; Multiplexer Inputs ; Bus Width ; Baseline Area ; Area if Restructured ; Saving if Restructured ; Registered ; Example Multiplexer Output                     ;
+--------------------+-----------+---------------+----------------------+------------------------+------------+------------------------------------------------+
; 3:1                ; 3 bits    ; 6 LEs         ; 3 LEs                ; 3 LEs                  ; Yes        ; |ChipInterface|coinAccepter:comb_3|random[0]   ;
; 4:1                ; 3 bits    ; 6 LEs         ; 3 LEs                ; 3 LEs                  ; Yes        ; |ChipInterface|coinAccepter:comb_3|bits[1]     ;
; 7:1                ; 3 bits    ; 12 LEs        ; 9 LEs                ; 3 LEs                  ; Yes        ; |ChipInterface|coinAccepter:comb_3|coin[0]     ;
; 3:1                ; 25 bits   ; 50 LEs        ; 25 LEs               ; 25 LEs                 ; No         ; |ChipInterface|coinAccepter:comb_3|count_n[25] ;
+--------------------+-----------+---------------+----------------------+------------------------+------------+------------------------------------------------+


+------------------------------------------------------------------+
; Parameter Settings for User Entity Instance: coinAccepter:comb_3 ;
+----------------+-------+-----------------------------------------+
; Parameter Name ; Value ; Type                                    ;
+----------------+-------+-----------------------------------------+
; count_width    ; 26    ; Signed Integer                          ;
+----------------+-------+-----------------------------------------+
Note: In order to hide this table in the UI and the text report file, please set the "Show Parameter Settings in Synthesis Report" option in "Analysis and Synthesis Settings -> More Settings" to "Off".


+-----------------------------------------------------+
; Port Connectivity Checks: "SevenSegmentControl:ssc" ;
+---------------+-------+----------+------------------+
; Port          ; Type  ; Severity ; Details          ;
+---------------+-------+----------+------------------+
; turn_on[7..1] ; Input ; Info     ; Stuck at GND     ;
; turn_on[0]    ; Input ; Info     ; Stuck at VCC     ;
+---------------+-------+----------+------------------+


+-------------------------------+
; Elapsed Time Per Partition    ;
+----------------+--------------+
; Partition Name ; Elapsed Time ;
+----------------+--------------+
; Top            ; 00:00:00     ;
+----------------+--------------+


+-------------------------------+
; Analysis & Synthesis Messages ;
+-------------------------------+
Info: *******************************************************************
Info: Running Quartus II 64-Bit Analysis & Synthesis
    Info: Version 12.1 Build 177 11/07/2012 SJ Full Version
    Info: Processing started: Fri Mar  4 18:06:29 2016
Info: Command: quartus_map --read_settings_files=on --write_settings_files=off ChipInterface -c ChipInterface
Info (11104): Parallel Compilation has detected 8 hyper-threaded processors. However, the extra hyper-threaded processors will not be used by default. Parallel Compilation will use 4 of the 4 physical processors detected instead.
Info (12021): Found 1 design units, including 1 entities, in source file ChipInterface.sv
    Info (12023): Found entity 1: ChipInterface
Info (12021): Found 4 design units, including 4 entities, in source file lab2a_7SegController.sv
    Info (12023): Found entity 1: BCDtoSevenSegment
    Info (12023): Found entity 2: SevenSegmentDigit
    Info (12023): Found entity 3: SevenSegmentControl
    Info (12023): Found entity 4: Tester
Info (12021): Found 1 design units, including 1 entities, in source file newAbstractFSM.sv
    Info (12023): Found entity 1: myMoreAbstractFSM
Info (12021): Found 1 design units, including 1 entities, in source file coinAccepter.sv
    Info (12023): Found entity 1: coinAccepter
Critical Warning (10846): Verilog HDL Instantiation warning at ChipInterface.sv(18): instance has no name
Info (12127): Elaborating entity "ChipInterface" for the top level hierarchy
Warning (10034): Output port "LEDR[17..8]" at ChipInterface.sv(5) has no driver
Info (12128): Elaborating entity "myMoreAbstractFSM" for hierarchy "myMoreAbstractFSM:fsm"
Warning (10958): SystemVerilog warning at newAbstractFSM.sv(30): unique or priority keyword makes case statement complete
Warning (10958): SystemVerilog warning at newAbstractFSM.sv(42): unique or priority keyword makes case statement complete
Warning (10958): SystemVerilog warning at newAbstractFSM.sv(54): unique or priority keyword makes case statement complete
Warning (10958): SystemVerilog warning at newAbstractFSM.sv(66): unique or priority keyword makes case statement complete
Warning (10958): SystemVerilog warning at newAbstractFSM.sv(78): unique or priority keyword makes case statement complete
Warning (10958): SystemVerilog warning at newAbstractFSM.sv(90): unique or priority keyword makes case statement complete
Warning (10958): SystemVerilog warning at newAbstractFSM.sv(102): unique or priority keyword makes case statement complete
Warning (10958): SystemVerilog warning at newAbstractFSM.sv(114): unique or priority keyword makes case statement complete
Info (12128): Elaborating entity "coinAccepter" for hierarchy "coinAccepter:comb_3"
Warning (10036): Verilog HDL or VHDL warning at coinAccepter.sv(44): object "last_key" assigned a value but never read
Warning (10230): Verilog HDL assignment warning at coinAccepter.sv(66): truncated value with size 32 to match size of target (3)
Warning (10230): Verilog HDL assignment warning at coinAccepter.sv(67): truncated value with size 32 to match size of target (3)
Warning (10230): Verilog HDL assignment warning at coinAccepter.sv(70): truncated value with size 32 to match size of target (3)
Warning (10230): Verilog HDL assignment warning at coinAccepter.sv(73): truncated value with size 32 to match size of target (26)
Warning (10230): Verilog HDL assignment warning at coinAccepter.sv(80): truncated value with size 32 to match size of target (3)
Warning (10230): Verilog HDL assignment warning at coinAccepter.sv(100): truncated value with size 32 to match size of target (3)
Warning (10230): Verilog HDL assignment warning at coinAccepter.sv(109): truncated value with size 32 to match size of target (16)
Warning (10230): Verilog HDL assignment warning at coinAccepter.sv(117): truncated value with size 32 to match size of target (16)
Warning (10034): Output port "UART_TXD" at coinAccepter.sv(33) has no driver
Warning (10034): Output port "UART_CTS" at coinAccepter.sv(34) has no driver
Info (12128): Elaborating entity "SevenSegmentControl" for hierarchy "SevenSegmentControl:ssc"
Info (12128): Elaborating entity "SevenSegmentDigit" for hierarchy "SevenSegmentControl:ssc|SevenSegmentDigit:H7"
Info (12128): Elaborating entity "BCDtoSevenSegment" for hierarchy "SevenSegmentControl:ssc|SevenSegmentDigit:H7|BCDtoSevenSegment:b2ss"
Warning (19016): Clock multiplexers are found and protected
    Warning (19017): Found clock multiplexer coinAccepter:comb_3|clock~synth
Warning (13024): Output pins are stuck at VCC or GND
    Warning (13410): Pin "HEX7[0]" is stuck at VCC
    Warning (13410): Pin "HEX7[1]" is stuck at VCC
    Warning (13410): Pin "HEX7[2]" is stuck at VCC
    Warning (13410): Pin "HEX7[3]" is stuck at VCC
    Warning (13410): Pin "HEX7[4]" is stuck at VCC
    Warning (13410): Pin "HEX7[5]" is stuck at VCC
    Warning (13410): Pin "HEX7[6]" is stuck at VCC
    Warning (13410): Pin "HEX6[0]" is stuck at VCC
    Warning (13410): Pin "HEX6[1]" is stuck at VCC
    Warning (13410): Pin "HEX6[2]" is stuck at VCC
    Warning (13410): Pin "HEX6[3]" is stuck at VCC
    Warning (13410): Pin "HEX6[4]" is stuck at VCC
    Warning (13410): Pin "HEX6[5]" is stuck at VCC
    Warning (13410): Pin "HEX6[6]" is stuck at VCC
    Warning (13410): Pin "HEX5[0]" is stuck at VCC
    Warning (13410): Pin "HEX5[1]" is stuck at VCC
    Warning (13410): Pin "HEX5[2]" is stuck at VCC
    Warning (13410): Pin "HEX5[3]" is stuck at VCC
    Warning (13410): Pin "HEX5[4]" is stuck at VCC
    Warning (13410): Pin "HEX5[5]" is stuck at VCC
    Warning (13410): Pin "HEX5[6]" is stuck at VCC
    Warning (13410): Pin "HEX4[0]" is stuck at VCC
    Warning (13410): Pin "HEX4[1]" is stuck at VCC
    Warning (13410): Pin "HEX4[2]" is stuck at VCC
    Warning (13410): Pin "HEX4[3]" is stuck at VCC
    Warning (13410): Pin "HEX4[4]" is stuck at VCC
    Warning (13410): Pin "HEX4[5]" is stuck at VCC
    Warning (13410): Pin "HEX4[6]" is stuck at VCC
    Warning (13410): Pin "HEX3[0]" is stuck at VCC
    Warning (13410): Pin "HEX3[1]" is stuck at VCC
    Warning (13410): Pin "HEX3[2]" is stuck at VCC
    Warning (13410): Pin "HEX3[3]" is stuck at VCC
    Warning (13410): Pin "HEX3[4]" is stuck at VCC
    Warning (13410): Pin "HEX3[5]" is stuck at VCC
    Warning (13410): Pin "HEX3[6]" is stuck at VCC
    Warning (13410): Pin "HEX2[0]" is stuck at VCC
    Warning (13410): Pin "HEX2[1]" is stuck at VCC
    Warning (13410): Pin "HEX2[2]" is stuck at VCC
    Warning (13410): Pin "HEX2[3]" is stuck at VCC
    Warning (13410): Pin "HEX2[4]" is stuck at VCC
    Warning (13410): Pin "HEX2[5]" is stuck at VCC
    Warning (13410): Pin "HEX2[6]" is stuck at VCC
    Warning (13410): Pin "HEX1[0]" is stuck at VCC
    Warning (13410): Pin "HEX1[1]" is stuck at VCC
    Warning (13410): Pin "HEX1[2]" is stuck at VCC
    Warning (13410): Pin "HEX1[3]" is stuck at VCC
    Warning (13410): Pin "HEX1[4]" is stuck at VCC
    Warning (13410): Pin "HEX1[5]" is stuck at VCC
    Warning (13410): Pin "HEX1[6]" is stuck at VCC
    Warning (13410): Pin "HEX0[1]" is stuck at GND
    Warning (13410): Pin "LEDR[8]" is stuck at GND
    Warning (13410): Pin "LEDR[9]" is stuck at GND
    Warning (13410): Pin "LEDR[10]" is stuck at GND
    Warning (13410): Pin "LEDR[11]" is stuck at GND
    Warning (13410): Pin "LEDR[12]" is stuck at GND
    Warning (13410): Pin "LEDR[13]" is stuck at GND
    Warning (13410): Pin "LEDR[14]" is stuck at GND
    Warning (13410): Pin "LEDR[15]" is stuck at GND
    Warning (13410): Pin "LEDR[16]" is stuck at GND
    Warning (13410): Pin "LEDR[17]" is stuck at GND
    Warning (13410): Pin "UART_TXD" is stuck at GND
    Warning (13410): Pin "UART_CTS" is stuck at GND
Info (286030): Timing-Driven Synthesis is running
Info (17049): 6 registers lost all their fanouts during netlist optimizations.
Info (16010): Generating hard_block partition "hard_block:auto_generated_inst"
    Info (16011): Adding 0 node(s), including 0 DDIO, 0 PLL, 0 transceiver and 0 LCELL
Warning (21074): Design contains 17 input pin(s) that do not drive logic
    Warning (15610): No output dependent on input pin "SW[1]"
    Warning (15610): No output dependent on input pin "SW[2]"
    Warning (15610): No output dependent on input pin "SW[3]"
    Warning (15610): No output dependent on input pin "SW[4]"
    Warning (15610): No output dependent on input pin "SW[5]"
    Warning (15610): No output dependent on input pin "SW[6]"
    Warning (15610): No output dependent on input pin "SW[7]"
    Warning (15610): No output dependent on input pin "SW[8]"
    Warning (15610): No output dependent on input pin "SW[9]"
    Warning (15610): No output dependent on input pin "SW[10]"
    Warning (15610): No output dependent on input pin "SW[11]"
    Warning (15610): No output dependent on input pin "SW[12]"
    Warning (15610): No output dependent on input pin "SW[13]"
    Warning (15610): No output dependent on input pin "SW[14]"
    Warning (15610): No output dependent on input pin "SW[15]"
    Warning (15610): No output dependent on input pin "SW[16]"
    Warning (15610): No output dependent on input pin "UART_RTS"
Info (21057): Implemented 314 device resources after synthesis - the final resource count might be different
    Info (21058): Implemented 25 input pins
    Info (21059): Implemented 76 output pins
    Info (21061): Implemented 213 logic cells
Info: Quartus II 64-Bit Analysis & Synthesis was successful. 0 errors, 104 warnings
    Info: Peak virtual memory: 663 megabytes
    Info: Processing ended: Fri Mar  4 18:06:31 2016
    Info: Elapsed time: 00:00:02
    Info: Total CPU time (on all processors): 00:00:02


